<?xml version="1.0" encoding="UTF-8"?>
<!-- Generated by org.testng.reporters.JUnitReportReporter -->
<testsuite hostname="LAPTOP-BUTDSDIS" failures="0" tests="4" name="com.qa.tests.DemoTest" time="0.044" errors="0" timestamp="2024-05-18T17:15:12 IST" skipped="0">
  <testcase classname="com.qa.tests.DemoTest" name="sub" time="0.002"/>
  <system-out/>
  <testcase classname="com.qa.tests.DemoTest" name="mul" time="0.002"/>
  <system-out/>
  <testcase classname="com.qa.tests.DemoTest" name="div" time="0.038"/>
  <system-out/>
  <testcase classname="com.qa.tests.DemoTest" name="sum" time="0.002"/>
  <system-out/>
</testsuite> <!-- com.qa.tests.DemoTest -->
