<?xml version="1.0" encoding="UTF-8"?>
<!-- Generated by org.testng.reporters.JUnitReportReporter -->
<testsuite hostname="LAPTOP-BUTDSDIS" failures="0" tests="4" name="com.qa.tests.DemoTest1" time="0.007" errors="0" timestamp="2024-05-18T17:15:12 IST" skipped="0">
  <testcase classname="com.qa.tests.DemoTest1" name="div" time="0.001"/>
  <system-out/>
  <testcase classname="com.qa.tests.DemoTest1" name="sub" time="0.003"/>
  <system-out/>
  <testcase classname="com.qa.tests.DemoTest1" name="sum" time="0.002"/>
  <system-out/>
  <testcase classname="com.qa.tests.DemoTest1" name="mul" time="0.001"/>
  <system-out/>
</testsuite> <!-- com.qa.tests.DemoTest1 -->
