<?xml version="1.0" encoding="UTF-8"?>
<!-- Generated by org.testng.reporters.JUnitReportReporter -->
<testsuite hostname="LAPTOP-BUTDSDIS" failures="0" tests="4" name="com.qa.tests.DemoTest1" time="0.003" errors="0" timestamp="19 May 2024 04:07:37 GMT" skipped="0">
  <testcase classname="com.qa.tests.DemoTest1" name="mul" time="0.001"/>
  <testcase classname="com.qa.tests.DemoTest1" name="sub" time="0.001"/>
  <testcase classname="com.qa.tests.DemoTest1" name="sum" time="0.001"/>
  <testcase classname="com.qa.tests.DemoTest1" name="div" time="0.000"/>
</testsuite> <!-- com.qa.tests.DemoTest1 -->
